This file contains any messages produced by compilers while
running configure, to aid debugging if configure makes a mistake.

It was created by main configure 1.0, which was
generated by GNU Autoconf 2.69.  Invocation command line was

  $ ./configure 

## --------- ##
## Platform. ##
## --------- ##

hostname = localhost.localdomain
uname -m = x86_64
uname -r = 3.10.0-123.el7.x86_64
uname -s = Linux
uname -v = #1 SMP Mon Jun 30 12:09:22 UTC 2014

/usr/bin/uname -p = x86_64
/bin/uname -X     = unknown

/bin/arch              = x86_64
/usr/bin/arch -k       = unknown
/usr/convex/getsysinfo = unknown
/usr/bin/hostinfo      = unknown
/bin/machine           = unknown
/usr/bin/oslevel       = unknown
/bin/universe          = unknown

PATH: /usr/local/bin
PATH: /usr/bin
PATH: /usr/local/sbin
PATH: /usr/sbin
PATH: /home/ezfun/frame_exec/bin
PATH: /home/ezfun/frame_exec/tools
PATH: /home/ezfun/.local/bin
PATH: /home/ezfun/bin
PATH: /home/ezfun/frame_exec/bin
PATH: /home/ezfun/frame_exec/tools


## ----------- ##
## Core tests. ##
## ----------- ##

configure:1833: checking for a BSD-compatible install
configure:1901: result: /usr/bin/install -c
configure:1912: checking whether build environment is sane
configure:1967: result: yes
configure:2118: checking for a thread-safe mkdir -p
configure:2157: result: /usr/bin/mkdir -p
configure:2164: checking for gawk
configure:2180: found /usr/bin/gawk
configure:2191: result: gawk
configure:2202: checking whether make sets $(MAKE)
configure:2224: result: yes
configure:2253: checking whether make supports nested variables
configure:2270: result: yes
configure:2417: checking for g++
configure:2433: found /usr/bin/g++
configure:2444: result: g++
configure:2471: checking for C++ compiler version
configure:2480: g++ --version >&5
g++ (GCC) 4.8.5 20150623 (Red Hat 4.8.5-4)
Copyright (C) 2015 Free Software Foundation, Inc.
This is free software; see the source for copying conditions.  There is NO
warranty; not even for MERCHANTABILITY or FITNESS FOR A PARTICULAR PURPOSE.

configure:2491: $? = 0
configure:2480: g++ -v >&5
Using built-in specs.
COLLECT_GCC=g++
COLLECT_LTO_WRAPPER=/usr/libexec/gcc/x86_64-redhat-linux/4.8.5/lto-wrapper
Target: x86_64-redhat-linux
Configured with: ../configure --prefix=/usr --mandir=/usr/share/man --infodir=/usr/share/info --with-bugurl=http://bugzilla.redhat.com/bugzilla --enable-bootstrap --enable-shared --enable-threads=posix --enable-checking=release --with-system-zlib --enable-__cxa_atexit --disable-libunwind-exceptions --enable-gnu-unique-object --enable-linker-build-id --with-linker-hash-style=gnu --enable-languages=c,c++,objc,obj-c++,java,fortran,ada,go,lto --enable-plugin --enable-initfini-array --disable-libgcj --with-isl=/builddir/build/BUILD/gcc-4.8.5-20150702/obj-x86_64-redhat-linux/isl-install --with-cloog=/builddir/build/BUILD/gcc-4.8.5-20150702/obj-x86_64-redhat-linux/cloog-install --enable-gnu-indirect-function --with-tune=generic --with-arch_32=x86-64 --build=x86_64-redhat-linux
Thread model: posix
gcc version 4.8.5 20150623 (Red Hat 4.8.5-4) (GCC) 
configure:2491: $? = 0
configure:2480: g++ -V >&5
g++: error: unrecognized command line option '-V'
g++: fatal error: no input files
compilation terminated.
configure:2491: $? = 4
configure:2480: g++ -qversion >&5
g++: error: unrecognized command line option '-qversion'
g++: fatal error: no input files
compilation terminated.
configure:2491: $? = 4
configure:2511: checking whether the C++ compiler works
configure:2533: g++    conftest.cpp  >&5
configure:2537: $? = 0
configure:2585: result: yes
configure:2588: checking for C++ compiler default output file name
configure:2590: result: a.out
configure:2596: checking for suffix of executables
configure:2603: g++ -o conftest    conftest.cpp  >&5
configure:2607: $? = 0
configure:2629: result: 
configure:2651: checking whether we are cross compiling
configure:2659: g++ -o conftest    conftest.cpp  >&5
configure:2663: $? = 0
configure:2670: ./conftest
configure:2674: $? = 0
configure:2689: result: no
configure:2694: checking for suffix of object files
configure:2716: g++ -c   conftest.cpp >&5
configure:2720: $? = 0
configure:2741: result: o
configure:2745: checking whether we are using the GNU C++ compiler
configure:2764: g++ -c   conftest.cpp >&5
configure:2764: $? = 0
configure:2773: result: yes
configure:2782: checking whether g++ accepts -g
configure:2802: g++ -c -g  conftest.cpp >&5
configure:2802: $? = 0
configure:2843: result: yes
configure:2877: checking for style of include used by make
configure:2905: result: GNU
configure:2931: checking dependency style of g++
configure:3042: result: gcc3
configure:3177: checking that generated files are newer than configure
configure:3183: result: done
configure:3206: creating ./config.status

## ---------------------- ##
## Running config.status. ##
## ---------------------- ##

This file was extended by main config.status 1.0, which was
generated by GNU Autoconf 2.69.  Invocation command line was

  CONFIG_FILES    = 
  CONFIG_HEADERS  = 
  CONFIG_LINKS    = 
  CONFIG_COMMANDS = 
  $ ./config.status 

on localhost.localdomain

config.status:839: creating Makefile
config.status:839: creating config.h
config.status:1068: executing depfiles commands

## ---------------- ##
## Cache variables. ##
## ---------------- ##

ac_cv_cxx_compiler_gnu=yes
ac_cv_env_CCC_set=
ac_cv_env_CCC_value=
ac_cv_env_CPPFLAGS_set=
ac_cv_env_CPPFLAGS_value=
ac_cv_env_CXXFLAGS_set=
ac_cv_env_CXXFLAGS_value=
ac_cv_env_CXX_set=
ac_cv_env_CXX_value=
ac_cv_env_LDFLAGS_set=
ac_cv_env_LDFLAGS_value=
ac_cv_env_LIBS_set=
ac_cv_env_LIBS_value=
ac_cv_env_build_alias_set=
ac_cv_env_build_alias_value=
ac_cv_env_host_alias_set=
ac_cv_env_host_alias_value=
ac_cv_env_target_alias_set=
ac_cv_env_target_alias_value=
ac_cv_objext=o
ac_cv_path_install='/usr/bin/install -c'
ac_cv_path_mkdir=/usr/bin/mkdir
ac_cv_prog_AWK=gawk
ac_cv_prog_ac_ct_CXX=g++
ac_cv_prog_cxx_g=yes
ac_cv_prog_make_make_set=yes
am_cv_CXX_dependencies_compiler_type=gcc3
am_cv_make_support_nested_variables=yes

## ----------------- ##
## Output variables. ##
## ----------------- ##

ACLOCAL='${SHELL} /home/ezfun/berniezhao/cpp/date_struct/array/missing aclocal-1.13'
AMDEPBACKSLASH='\'
AMDEP_FALSE='#'
AMDEP_TRUE=''
AMTAR='$${TAR-tar}'
AM_BACKSLASH='\'
AM_DEFAULT_V='$(AM_DEFAULT_VERBOSITY)'
AM_DEFAULT_VERBOSITY='1'
AM_V='$(V)'
AUTOCONF='${SHELL} /home/ezfun/berniezhao/cpp/date_struct/array/missing autoconf'
AUTOHEADER='${SHELL} /home/ezfun/berniezhao/cpp/date_struct/array/missing autoheader'
AUTOMAKE='${SHELL} /home/ezfun/berniezhao/cpp/date_struct/array/missing automake-1.13'
AWK='gawk'
CPPFLAGS=''
CXX='g++'
CXXDEPMODE='depmode=gcc3'
CXXFLAGS='-g -O2'
CYGPATH_W='echo'
DEFS='-DHAVE_CONFIG_H'
DEPDIR='.deps'
ECHO_C=''
ECHO_N='-n'
ECHO_T=''
EXEEXT=''
INSTALL_DATA='${INSTALL} -m 644'
INSTALL_PROGRAM='${INSTALL}'
INSTALL_SCRIPT='${INSTALL}'
INSTALL_STRIP_PROGRAM='$(install_sh) -c -s'
LDFLAGS=''
LIBOBJS=''
LIBS=''
LTLIBOBJS=''
MAKEINFO='${SHELL} /home/ezfun/berniezhao/cpp/date_struct/array/missing makeinfo'
MKDIR_P='/usr/bin/mkdir -p'
OBJEXT='o'
PACKAGE='main'
PACKAGE_BUGREPORT='zzxddyx@163.com'
PACKAGE_NAME='main'
PACKAGE_STRING='main 1.0'
PACKAGE_TARNAME='main'
PACKAGE_URL=''
PACKAGE_VERSION='1.0'
PATH_SEPARATOR=':'
SET_MAKE=''
SHELL='/bin/sh'
STRIP=''
VERSION='1.0'
ac_ct_CXX='g++'
am__EXEEXT_FALSE=''
am__EXEEXT_TRUE='#'
am__fastdepCXX_FALSE='#'
am__fastdepCXX_TRUE=''
am__include='include'
am__isrc=''
am__leading_dot='.'
am__nodep='_no'
am__quote=''
am__tar='$${TAR-tar} chof - "$$tardir"'
am__untar='$${TAR-tar} xf -'
bindir='${exec_prefix}/bin'
build_alias=''
datadir='${datarootdir}'
datarootdir='${prefix}/share'
docdir='${datarootdir}/doc/${PACKAGE_TARNAME}'
dvidir='${docdir}'
exec_prefix='${prefix}'
host_alias=''
htmldir='${docdir}'
includedir='${prefix}/include'
infodir='${datarootdir}/info'
install_sh='${SHELL} /home/ezfun/berniezhao/cpp/date_struct/array/install-sh'
libdir='${exec_prefix}/lib'
libexecdir='${exec_prefix}/libexec'
localedir='${datarootdir}/locale'
localstatedir='${prefix}/var'
mandir='${datarootdir}/man'
mkdir_p='$(MKDIR_P)'
oldincludedir='/usr/include'
pdfdir='${docdir}'
prefix='/usr/local'
program_transform_name='s,x,x,'
psdir='${docdir}'
sbindir='${exec_prefix}/sbin'
sharedstatedir='${prefix}/com'
sysconfdir='${prefix}/etc'
target_alias=''

## ----------- ##
## confdefs.h. ##
## ----------- ##

/* confdefs.h */
#define PACKAGE_NAME "main"
#define PACKAGE_TARNAME "main"
#define PACKAGE_VERSION "1.0"
#define PACKAGE_STRING "main 1.0"
#define PACKAGE_BUGREPORT "zzxddyx@163.com"
#define PACKAGE_URL ""
#define PACKAGE "main"
#define VERSION "1.0"

configure: exit 0

## ---------------------- ##
## Running config.status. ##
## ---------------------- ##

This file was extended by main config.status 1.0, which was
generated by GNU Autoconf 2.69.  Invocation command line was

  CONFIG_FILES    = 
  CONFIG_HEADERS  = 
  CONFIG_LINKS    = 
  CONFIG_COMMANDS = 
  $ ./config.status Makefile depfiles

on localhost.localdomain

config.status:839: creating Makefile
config.status:1068: executing depfiles commands

## ---------------------- ##
## Running config.status. ##
## ---------------------- ##

This file was extended by main config.status 1.0, which was
generated by GNU Autoconf 2.69.  Invocation command line was

  CONFIG_FILES    = 
  CONFIG_HEADERS  = 
  CONFIG_LINKS    = 
  CONFIG_COMMANDS = 
  $ ./config.status Makefile depfiles

on localhost.localdomain

config.status:839: creating Makefile
config.status:1068: executing depfiles commands
